[2026-07-19 16:56:50] This is codeql database create /mnt/c/Users/726ja/reveal/.reveal/reachability/database --language=javascript-typescript --source-root=/mnt/c/Users/726ja/viper-bench-app --build-mode=none --overwrite
[2026-07-19 16:56:50] Log file was started late.
[2026-07-19 16:56:50] [PROGRESS] database create> Initializing database at /mnt/c/Users/726ja/reveal/.reveal/reachability/database.
[2026-07-19 16:56:50] Running plumbing command: codeql database init --overwrite --language=javascript-typescript --extractor-options-verbosity=1 --qlconfig-file=/mnt/c/Users/726ja/reveal/qlconfig.yml --build-mode=none --source-root=/mnt/c/Users/726ja/viper-bench-app --allow-missing-source-root=false --allow-already-existing -- /mnt/c/Users/726ja/reveal/.reveal/reachability/database
[2026-07-19 16:56:51] Calling plumbing command: codeql resolve languages --extractor-options-verbosity=1 --format=betterjson
[2026-07-19 16:56:51] [DETAILS] resolve languages> Scanning for [codeql-extractor.yml] from /mnt/c/Users/726ja/Downloads/codeql/codeql/.codeqlmanifest.json
[2026-07-19 16:56:52] [DETAILS] resolve languages> Parsing /mnt/c/Users/726ja/Downloads/codeql/codeql/actions/codeql-extractor.yml.
[2026-07-19 16:56:52] [DETAILS] resolve languages> Parsing /mnt/c/Users/726ja/Downloads/codeql/codeql/cpp/codeql-extractor.yml.
[2026-07-19 16:56:52] [DETAILS] resolve languages> Parsing /mnt/c/Users/726ja/Downloads/codeql/codeql/csharp/codeql-extractor.yml.
[2026-07-19 16:56:52] [DETAILS] resolve languages> Parsing /mnt/c/Users/726ja/Downloads/codeql/codeql/csv/codeql-extractor.yml.
[2026-07-19 16:56:52] [DETAILS] resolve languages> Parsing /mnt/c/Users/726ja/Downloads/codeql/codeql/go/codeql-extractor.yml.
[2026-07-19 16:56:52] [DETAILS] resolve languages> Parsing /mnt/c/Users/726ja/Downloads/codeql/codeql/html/codeql-extractor.yml.
[2026-07-19 16:56:52] [DETAILS] resolve languages> Parsing /mnt/c/Users/726ja/Downloads/codeql/codeql/java/codeql-extractor.yml.
[2026-07-19 16:56:52] [DETAILS] resolve languages> Parsing /mnt/c/Users/726ja/Downloads/codeql/codeql/javascript/codeql-extractor.yml.
[2026-07-19 16:56:52] [DETAILS] resolve languages> Parsing /mnt/c/Users/726ja/Downloads/codeql/codeql/properties/codeql-extractor.yml.
[2026-07-19 16:56:52] [DETAILS] resolve languages> Parsing /mnt/c/Users/726ja/Downloads/codeql/codeql/python/codeql-extractor.yml.
[2026-07-19 16:56:52] [DETAILS] resolve languages> Parsing /mnt/c/Users/726ja/Downloads/codeql/codeql/ruby/codeql-extractor.yml.
[2026-07-19 16:56:52] [DETAILS] resolve languages> Parsing /mnt/c/Users/726ja/Downloads/codeql/codeql/rust/codeql-extractor.yml.
[2026-07-19 16:56:52] [DETAILS] resolve languages> Parsing /mnt/c/Users/726ja/Downloads/codeql/codeql/swift/codeql-extractor.yml.
[2026-07-19 16:56:52] [DETAILS] resolve languages> Parsing /mnt/c/Users/726ja/Downloads/codeql/codeql/xml/codeql-extractor.yml.
[2026-07-19 16:56:52] [DETAILS] resolve languages> Parsing /mnt/c/Users/726ja/Downloads/codeql/codeql/yaml/codeql-extractor.yml.
[2026-07-19 16:56:52] Plumbing command codeql resolve languages completed:
                      {
                        "aliases" : {
                          "c" : "cpp",
                          "c++" : "cpp",
                          "c-c++" : "cpp",
                          "c-cpp" : "cpp",
                          "c#" : "csharp",
                          "java-kotlin" : "java",
                          "kotlin" : "java",
                          "javascript-typescript" : "javascript",
                          "typescript" : "javascript"
                        },
                        "extractors" : {
                          "actions" : [
                            {
                              "extractor_root" : "/mnt/c/Users/726ja/Downloads/codeql/codeql/actions",
                              "extractor_options" : { }
                            }
                          ],
                          "cpp" : [
                            {
                              "extractor_root" : "/mnt/c/Users/726ja/Downloads/codeql/codeql/cpp",
                              "extractor_options" : {
                                "scale_timeouts" : {
                                  "title" : "Value to scale compiler introspection timeouts with",
                                  "description" : "The extractor attempts to determine what compiler the source code being extracted is compiled with. To this end the extractor makes additional calls to the compiler, some of which are expected to return within a certain fixed time (either 10s or 15s). On some systems that are under high load this time might be too short, and can be scaled up using this option.\n",
                                  "type" : "string",
                                  "pattern" : "[0-9]+"
                                },
                                "log_verbosity" : {
                                  "title" : "Verbosity of the extractor logging",
                                  "description" : "Set the verbosity of the extractor logging to 'quiet' (0), 'normal' (1), 'chatty' (2), or 'noisy' (3). The default is 'normal'.\n",
                                  "type" : "string",
                                  "pattern" : "[0-3]"
                                }
                              }
                            }
                          ],
                          "csharp" : [
                            {
                              "extractor_root" : "/mnt/c/Users/726ja/Downloads/codeql/codeql/csharp",
                              "extractor_options" : {
                                "trap" : {
                                  "title" : "Options pertaining to TRAP.",
                                  "description" : "Options pertaining to TRAP.",
                                  "type" : "object",
                                  "properties" : {
                                    "compression" : {
                                      "title" : "Controls compression for the TRAP files written by the extractor.",
                                      "description" : "This option is only intended for use in debugging the extractor. Accepted values are 'brotli' (the default, to write brotli-compressed TRAP), 'gzip', and 'none' (to write uncompressed TRAP).\n",
                                      "type" : "string",
                                      "pattern" : "^(none|gzip|brotli)$"
                                    }
                                  }
                                },
                                "buildless" : {
                                  "title" : "DEPRECATED - Whether to use buildless (standalone) extraction.",
                                  "description" : "DEPRECATED: Use `--build-mode none` instead.\nA value indicating, which type of extraction the autobuilder should perform. If 'true', then the standalone extractor will be used, otherwise tracing extraction will be performed. The default is 'false'. Note that buildless extraction will generally yield less accurate analysis results, and should only be used in cases where it is not possible to build the code (for example if it uses inaccessible dependencies).\n",
                                  "type" : "string",
                                  "pattern" : "^(false|true)$"
                                },
                                "logging" : {
                                  "title" : "Options pertaining to logging.",
                                  "description" : "Options pertaining to logging.",
                                  "type" : "object",
                                  "properties" : {
                                    "verbosity" : {
                                      "title" : "Extractor logging verbosity level.",
                                      "description" : "Controls the level of verbosity of the extractor. The supported levels are (in order of increasing verbosity):\n  - off\n  - errors\n  - warnings\n  - info or progress\n  - debug or progress+\n  - trace or progress++\n  - progress+++\n",
                                      "type" : "string",
                                      "pattern" : "^(off|errors|warnings|(info|progress)|(debug|progress\\+)|(trace|progress\\+\\+)|progress\\+\\+\\+)$"
                                    }
                                  }
                                },
                                "binlog" : {
                                  "title" : "Binlog",
                                  "description" : "[EXPERIMENTAL] The value is a path to the MsBuild binary log file that should be extracted. This option only works when `--build-mode none` is also specified.\n",
                                  "type" : "array"
                                }
                              }
                            }
                          ],
                          "csv" : [
                            {
                              "extractor_root" : "/mnt/c/Users/726ja/Downloads/codeql/codeql/csv"
                            }
                          ],
                          "go" : [
                            {
                              "extractor_root" : "/mnt/c/Users/726ja/Downloads/codeql/codeql/go",
                              "extractor_options" : {
                                "extract_tests" : {
                                  "title" : "Whether to include Go test files in the CodeQL database.",
                                  "description" : "A value indicating whether Go test files should be included in the CodeQL database. The default is 'false'.\n",
                                  "type" : "string",
                                  "pattern" : "^(false|true)$"
                                },
                                "extract_vendor_dirs" : {
                                  "title" : "Whether to include Go vendor directories in the CodeQL database.",
                                  "description" : "A value indicating whether Go vendor directories should be included in the CodeQL database. The default is 'false'.\n",
                                  "type" : "string",
                                  "pattern" : "^(false|true)$"
                                }
                              }
                            }
                          ],
                          "html" : [
                            {
                              "extractor_root" : "/mnt/c/Users/726ja/Downloads/codeql/codeql/html"
                            }
                          ],
                          "java" : [
                            {
                              "extractor_root" : "/mnt/c/Users/726ja/Downloads/codeql/codeql/java",
                              "extractor_options" : {
                                "exclude" : {
                                  "title" : "A glob excluding files from analysis.",
                                  "description" : "A glob indicating what files to exclude from the analysis. This accepts glob patterns that are supported by Java's 'getPathMatcher' implementation.\n",
                                  "type" : "string"
                                },
                                "add_prefer_source" : {
                                  "title" : "Whether to always prefer source files over class files.",
                                  "description" : "A value indicating whether source files should be preferred over class files. If set to 'true', the extraction adds '-Xprefer:source' to the javac command line. If set to 'false', the extraction uses the default javac behavior ('-Xprefer:newer'). The default is 'true'.\n",
                                  "type" : "string",
                                  "pattern" : "^(false|true)$"
                                },
                                "buildless" : {
                                  "title" : "Whether to use buildless (standalone) extraction (experimental).",
                                  "description" : "A value indicating, which type of extraction the autobuilder should perform. If 'true', then the standalone extractor will be used, otherwise tracing extraction will be performed. The default is 'false'. Note that buildless extraction will generally yield less accurate analysis results, and should only be used in cases where it is not possible to build the code (for example if it uses inaccessible dependencies).\n",
                                  "type" : "string",
                                  "pattern" : "^(false|true)$"
                                },
                                "buildless_dependency_dir" : {
                                  "title" : "The path where buildless (standalone) extraction should keep dependencies.",
                                  "description" : "If set, the buildless (standalone) extractor will store dependencies in this directory.\n",
                                  "type" : "string"
                                },
                                "minimize_dependency_jars" : {
                                  "title" : "Whether to rewrite and minimize downloaded JAR dependencies (experimental).",
                                  "description" : "If 'true', JAR dependencies downloaded during extraction will be rewritten to remove unneeded data, such as method bodies. The default is 'false'.\n",
                                  "type" : "string",
                                  "pattern" : "^(false|true)$"
                                }
                              }
                            }
                          ],
                          "javascript" : [
                            {
                              "extractor_root" : "/mnt/c/Users/726ja/Downloads/codeql/codeql/javascript",
                              "extractor_options" : {
                                "skip_types" : {
                                  "title" : "Skip type extraction for TypeScript",
                                  "description" : "Whether to skip the extraction of types in a TypeScript application",
                                  "type" : "string",
                                  "pattern" : "^(false|true)$"
                                }
                              }
                            }
                          ],
                          "properties" : [
                            {
                              "extractor_root" : "/mnt/c/Users/726ja/Downloads/codeql/codeql/properties"
                            }
                          ],
                          "python" : [
                            {
                              "extractor_root" : "/mnt/c/Users/726ja/Downloads/codeql/codeql/python",
                              "extractor_options" : {
                                "logging" : {
                                  "title" : "Options pertaining to logging.",
                                  "description" : "Options pertaining to logging.",
                                  "type" : "object",
                                  "properties" : {
                                    "verbosity" : {
                                      "title" : "Python extractor logging verbosity level.",
                                      "description" : "Controls the level of verbosity of the CodeQL Python extractor.\nThe supported levels are (in order of increasing verbosity):\n\n  - off\n  - errors\n  - warnings\n  - info or progress\n  - debug or progress+\n  - trace or progress++\n  - progress+++\n",
                                      "type" : "string",
                                      "pattern" : "^(off|errors|warnings|(info|progress)|(debug|progress\\+)|(trace|progress\\+\\+)|progress\\+\\+\\+)$"
                                    }
                                  }
                                },
                                "python_executable_name" : {
                                  "title" : "Controls the name of the Python executable used by the Python extractor.",
                                  "description" : "The Python extractor uses platform-dependent heuristics to determine the name of the Python executable to use. Specifying a value for this option overrides the name of the Python executable used by the extractor. Accepted values are py, python and python3. Use this setting with caution, the Python extractor requires Python 3 to run.\n",
                                  "type" : "string",
                                  "pattern" : "^(py|python|python3)$"
                                }
                              }
                            }
                          ],
                          "ruby" : [
                            {
                              "extractor_root" : "/mnt/c/Users/726ja/Downloads/codeql/codeql/ruby",
                              "extractor_options" : {
                                "trap" : {
                                  "title" : "Options pertaining to TRAP.",
                                  "description" : "Options pertaining to TRAP.",
                                  "type" : "object",
                                  "properties" : {
                                    "compression" : {
                                      "title" : "Controls compression for the TRAP files written by the extractor.",
                                      "description" : "This option is only intended for use in debugging the extractor. Accepted values are 'gzip' (the default, to write gzip-compressed TRAP) 'zstd' (to write Zstandard-compressed TRAP) and 'none' (to write uncompressed TRAP).\n",
                                      "type" : "string",
                                      "pattern" : "^(none|gzip|zstd)$"
                                    }
                                  }
                                }
                              }
                            }
                          ],
                          "rust" : [
                            {
                              "extractor_root" : "/mnt/c/Users/726ja/Downloads/codeql/codeql/rust",
                              "extractor_options" : {
                                "trap" : {
                                  "title" : "Options pertaining to TRAP.",
                                  "description" : "Options pertaining to TRAP.",
                                  "type" : "object",
                                  "properties" : {
                                    "compression" : {
                                      "title" : "Controls compression for the TRAP files written by the extractor.",
                                      "description" : "This option is only intended for use in debugging the extractor. Accepted values are 'gzip' (to write gzip-compressed TRAP) 'zstd' (to write Zstandard-compressed TRAP) and 'none' (the default, to write uncompressed TRAP).\n",
                                      "type" : "string",
                                      "pattern" : "^(none|gzip|zstd)$"
                                    }
                                  }
                                },
                                "cargo_target_dir" : {
                                  "title" : "Directory to use for cargo output files.",
                                  "description" : "This value is an optional path to use as `CARGO_TARGET_DIR` for the internal cargo commands the extractor uses. Pointing it to a persistent directory may reduce execution time of consecutive extractor runs. By default, a new scratch directory is used for each run.\n",
                                  "type" : "string"
                                },
                                "cargo_target" : {
                                  "title" : "Target architecture",
                                  "description" : "Target architecture to use for analysis, analogous to `cargo --target`. By default the host architecture is used.\n",
                                  "type" : "string"
                                },
                                "cargo_features" : {
                                  "title" : "Cargo features to turn on",
                                  "description" : "Comma-separated list of features to turn on. By default all features are enabled. If any features are specified, then only those features are enabled. The `default` feature must be explicitly specified if only default features are desired. Can be repeated.\n",
                                  "type" : "array"
                                },
                                "cargo_cfg_overrides" : {
                                  "title" : "Cargo cfg overrides",
                                  "description" : "Comma-separated list of cfg settings to enable, or disable if prefixed with `-`. Can be repeated.\n",
                                  "type" : "array"
                                },
                                "logging" : {
                                  "title" : "Options pertaining to logging.",
                                  "description" : "Options pertaining to logging.",
                                  "type" : "object",
                                  "properties" : {
                                    "verbosity" : {
                                      "title" : "Extractor logging verbosity level.",
                                      "description" : "Controls the level of verbosity of the extractor. The supported levels are (in order of increasing verbosity):\n  - off\n  - errors\n  - warnings\n  - info or progress\n  - debug or progress+\n  - trace or progress++\n  - progress+++\n",
                                      "type" : "string",
                                      "pattern" : "^(off|errors|warnings|(info|progress)|(debug|progress\\+)|(trace|progress\\+\\+)|progress\\+\\+\\+)$"
                                    },
                                    "flamegraph" : {
                                      "title" : "[Experimental] File path for write flame graph log",
                                      "description" : "Collect flame graph data using the `tracing-flame` crate. To render a flame graph or chart, run the `inferno-flamegraph` command. See also: https://crates.io/crates/tracing-flame\n",
                                      "type" : "string"
                                    }
                                  }
                                },
                                "extract_dependencies_as_source" : {
                                  "title" : "Extract dependencies as source code",
                                  "description" : "Extract the full source code of dependencies instead of only extracting signatures.\n",
                                  "type" : "string",
                                  "pattern" : "^(false|true)$"
                                }
                              }
                            }
                          ],
                          "swift" : [
                            {
                              "extractor_root" : "/mnt/c/Users/726ja/Downloads/codeql/codeql/swift"
                            }
                          ],
                          "xml" : [
                            {
                              "extractor_root" : "/mnt/c/Users/726ja/Downloads/codeql/codeql/xml"
                            }
                          ],
                          "yaml" : [
                            {
                              "extractor_root" : "/mnt/c/Users/726ja/Downloads/codeql/codeql/yaml"
                            }
                          ]
                        }
                      }
[2026-07-19 16:56:53] [PROGRESS] database init> Calculating baseline information in /mnt/c/Users/726ja/viper-bench-app
[2026-07-19 16:56:53] [SPAMMY] database init> Ignoring the following directories when processing baseline information: .git, .hg, .svn.
[2026-07-19 16:56:53] [DETAILS] database init> Running command in /mnt/c/Users/726ja/viper-bench-app: /mnt/c/Users/726ja/Downloads/codeql/codeql/tools/linux64/scc --by-file --exclude-dir .git,.hg,.svn --format json --no-large --no-min .
[2026-07-19 16:56:55] Using configure-baseline script /mnt/c/Users/726ja/Downloads/codeql/codeql/javascript/tools/configure-baseline.sh.
[2026-07-19 16:56:55] [PROGRESS] database init> Running command in /mnt/c/Users/726ja/viper-bench-app: [/mnt/c/Users/726ja/Downloads/codeql/codeql/javascript/tools/configure-baseline.sh]
[2026-07-19 16:56:55] [SPAMMY] database init> Ignored an additional 1058 files when processing baseline information for JavaScript due to paths and paths-ignore configuration.
[2026-07-19 16:56:55] Using configure-baseline script /mnt/c/Users/726ja/Downloads/codeql/codeql/actions/tools/configure-baseline.sh.
[2026-07-19 16:56:55] [PROGRESS] database init> Running command in /mnt/c/Users/726ja/viper-bench-app: [/mnt/c/Users/726ja/Downloads/codeql/codeql/actions/tools/configure-baseline.sh]
[2026-07-19 16:56:55] [SPAMMY] database init> Ignored an additional 1 files when processing baseline information for YAML due to paths and paths-ignore configuration.
[2026-07-19 16:56:55] [SPAMMY] database init> Found 10 baseline files for javascript.
[2026-07-19 16:56:55] [SPAMMY] database init> Found 0 baseline files for actions.
[2026-07-19 16:56:55] [PROGRESS] database init> Calculated baseline information for languages: actions, javascript (2.1s).
[2026-07-19 16:56:55] [PROGRESS] database init> Resolving extractor javascript.
[2026-07-19 16:56:55] [DETAILS] database init> Found candidate extractor root for javascript: /mnt/c/Users/726ja/Downloads/codeql/codeql/javascript.
[2026-07-19 16:56:55] [PROGRESS] database init> Successfully loaded extractor JavaScript/TypeScript (javascript) from /mnt/c/Users/726ja/Downloads/codeql/codeql/javascript.
[2026-07-19 16:56:55] [PROGRESS] database init> Created skeleton CodeQL database at /mnt/c/Users/726ja/reveal/.reveal/reachability/database. This in-progress database is ready to be populated by an extractor.
[2026-07-19 16:56:55] Plumbing command codeql database init completed.
[2026-07-19 16:56:55] [PROGRESS] database create> Running build command: []
[2026-07-19 16:56:55] Running plumbing command: codeql database trace-command --working-dir=/mnt/c/Users/726ja/viper-bench-app --index-traceless-dbs --no-db-cluster -- /mnt/c/Users/726ja/reveal/.reveal/reachability/database
[2026-07-19 16:56:55] Using autobuild script /mnt/c/Users/726ja/Downloads/codeql/codeql/javascript/tools/autobuild.sh.
[2026-07-19 16:56:55] [PROGRESS] database trace-command> Running command in /mnt/c/Users/726ja/viper-bench-app: [/mnt/c/Users/726ja/Downloads/codeql/codeql/javascript/tools/autobuild.sh]
[2026-07-19 16:56:56] [build-stdout] Single-threaded extraction.
[2026-07-19 16:57:03] [build-stdout] Extracting /mnt/c/Users/726ja/viper-bench-app/src/middleware/requestLogger.js
[2026-07-19 16:57:04] [build-stdout] Done extracting /mnt/c/Users/726ja/viper-bench-app/src/middleware/requestLogger.js (926 ms)
[2026-07-19 16:57:04] [build-stdout] Extracting /mnt/c/Users/726ja/viper-bench-app/src/routes/health.js
[2026-07-19 16:57:04] [build-stdout] Done extracting /mnt/c/Users/726ja/viper-bench-app/src/routes/health.js (108 ms)
[2026-07-19 16:57:04] [build-stdout] Extracting /mnt/c/Users/726ja/viper-bench-app/src/routes/reports.js
[2026-07-19 16:57:04] [build-stdout] Done extracting /mnt/c/Users/726ja/viper-bench-app/src/routes/reports.js (123 ms)
[2026-07-19 16:57:04] [build-stdout] Extracting /mnt/c/Users/726ja/viper-bench-app/src/routes/tasks.js
[2026-07-19 16:57:05] [build-stdout] Done extracting /mnt/c/Users/726ja/viper-bench-app/src/routes/tasks.js (120 ms)
[2026-07-19 16:57:05] [build-stdout] Extracting /mnt/c/Users/726ja/viper-bench-app/src/services/reportService.js
[2026-07-19 16:57:05] [build-stdout] Done extracting /mnt/c/Users/726ja/viper-bench-app/src/services/reportService.js (107 ms)
[2026-07-19 16:57:05] [build-stdout] Extracting /mnt/c/Users/726ja/viper-bench-app/src/services/taskService.js
[2026-07-19 16:57:05] [build-stdout] Done extracting /mnt/c/Users/726ja/viper-bench-app/src/services/taskService.js (141 ms)
[2026-07-19 16:57:05] [build-stdout] Extracting /mnt/c/Users/726ja/viper-bench-app/src/utils/config.js
[2026-07-19 16:57:05] [build-stdout] Done extracting /mnt/c/Users/726ja/viper-bench-app/src/utils/config.js (97 ms)
[2026-07-19 16:57:05] [build-stdout] Extracting /mnt/c/Users/726ja/viper-bench-app/src/utils/logger.js
[2026-07-19 16:57:05] [build-stdout] Done extracting /mnt/c/Users/726ja/viper-bench-app/src/utils/logger.js (103 ms)
[2026-07-19 16:57:05] [build-stdout] Extracting /mnt/c/Users/726ja/viper-bench-app/src/index.js
[2026-07-19 16:57:05] [build-stdout] Done extracting /mnt/c/Users/726ja/viper-bench-app/src/index.js (109 ms)
[2026-07-19 16:57:05] [build-stdout] Extracting /mnt/c/Users/726ja/viper-bench-app/src/router.js
[2026-07-19 16:57:05] [build-stdout] Done extracting /mnt/c/Users/726ja/viper-bench-app/src/router.js (130 ms)
[2026-07-19 16:57:05] [build-stdout] Extracting /mnt/c/Users/726ja/viper-bench-app/package.json
[2026-07-19 16:57:05] [build-stdout] Done extracting /mnt/c/Users/726ja/viper-bench-app/package.json (81 ms)
[2026-07-19 16:57:05] [build-stderr] No externs trap cache found
[2026-07-19 16:57:05] [build-stdout] Extracting /mnt/c/Users/726ja/Downloads/codeql/codeql/javascript/tools/data/externs/es/es2016.js
[2026-07-19 16:57:06] [build-stdout] Done extracting /mnt/c/Users/726ja/Downloads/codeql/codeql/javascript/tools/data/externs/es/es2016.js (332 ms)
[2026-07-19 16:57:06] [build-stdout] Extracting /mnt/c/Users/726ja/Downloads/codeql/codeql/javascript/tools/data/externs/es/es2017.js
[2026-07-19 16:57:06] [build-stdout] Done extracting /mnt/c/Users/726ja/Downloads/codeql/codeql/javascript/tools/data/externs/es/es2017.js (125 ms)
[2026-07-19 16:57:06] [build-stdout] Extracting /mnt/c/Users/726ja/Downloads/codeql/codeql/javascript/tools/data/externs/es/es3.js
[2026-07-19 16:57:06] [build-stdout] Done extracting /mnt/c/Users/726ja/Downloads/codeql/codeql/javascript/tools/data/externs/es/es3.js (439 ms)
[2026-07-19 16:57:06] [build-stdout] Extracting /mnt/c/Users/726ja/Downloads/codeql/codeql/javascript/tools/data/externs/es/es5.js
[2026-07-19 16:57:06] [build-stdout] Done extracting /mnt/c/Users/726ja/Downloads/codeql/codeql/javascript/tools/data/externs/es/es5.js (182 ms)
[2026-07-19 16:57:06] [build-stdout] Extracting /mnt/c/Users/726ja/Downloads/codeql/codeql/javascript/tools/data/externs/es/es6.js
[2026-07-19 16:57:07] [build-stdout] Done extracting /mnt/c/Users/726ja/Downloads/codeql/codeql/javascript/tools/data/externs/es/es6.js (261 ms)
[2026-07-19 16:57:07] [build-stdout] Extracting /mnt/c/Users/726ja/Downloads/codeql/codeql/javascript/tools/data/externs/es/es6_collections.js
[2026-07-19 16:57:07] [build-stdout] Done extracting /mnt/c/Users/726ja/Downloads/codeql/codeql/javascript/tools/data/externs/es/es6_collections.js (120 ms)
[2026-07-19 16:57:07] [build-stdout] Extracting /mnt/c/Users/726ja/Downloads/codeql/codeql/javascript/tools/data/externs/es/intl.js
[2026-07-19 16:57:07] [build-stdout] Done extracting /mnt/c/Users/726ja/Downloads/codeql/codeql/javascript/tools/data/externs/es/intl.js (128 ms)
[2026-07-19 16:57:07] [build-stdout] Extracting /mnt/c/Users/726ja/Downloads/codeql/codeql/javascript/tools/data/externs/es/proxy.js
[2026-07-19 16:57:07] [build-stdout] Done extracting /mnt/c/Users/726ja/Downloads/codeql/codeql/javascript/tools/data/externs/es/proxy.js (111 ms)
[2026-07-19 16:57:07] [build-stdout] Extracting /mnt/c/Users/726ja/Downloads/codeql/codeql/javascript/tools/data/externs/lib/bdd.js
[2026-07-19 16:57:07] [build-stdout] Done extracting /mnt/c/Users/726ja/Downloads/codeql/codeql/javascript/tools/data/externs/lib/bdd.js (97 ms)
[2026-07-19 16:57:07] [build-stdout] Extracting /mnt/c/Users/726ja/Downloads/codeql/codeql/javascript/tools/data/externs/lib/jquery-3.2.js
[2026-07-19 16:57:07] [build-stdout] Done extracting /mnt/c/Users/726ja/Downloads/codeql/codeql/javascript/tools/data/externs/lib/jquery-3.2.js (308 ms)
[2026-07-19 16:57:07] [build-stdout] Extracting /mnt/c/Users/726ja/Downloads/codeql/codeql/javascript/tools/data/externs/lib/should.js
[2026-07-19 16:57:08] [build-stdout] Done extracting /mnt/c/Users/726ja/Downloads/codeql/codeql/javascript/tools/data/externs/lib/should.js (118 ms)
[2026-07-19 16:57:08] [build-stdout] Extracting /mnt/c/Users/726ja/Downloads/codeql/codeql/javascript/tools/data/externs/lib/vows.js
[2026-07-19 16:57:08] [build-stdout] Done extracting /mnt/c/Users/726ja/Downloads/codeql/codeql/javascript/tools/data/externs/lib/vows.js (145 ms)
[2026-07-19 16:57:08] [build-stdout] Extracting /mnt/c/Users/726ja/Downloads/codeql/codeql/javascript/tools/data/externs/nodejs/assert.js
[2026-07-19 16:57:08] [build-stdout] Done extracting /mnt/c/Users/726ja/Downloads/codeql/codeql/javascript/tools/data/externs/nodejs/assert.js (100 ms)
[2026-07-19 16:57:08] [build-stdout] Extracting /mnt/c/Users/726ja/Downloads/codeql/codeql/javascript/tools/data/externs/nodejs/assert_legacy.js
[2026-07-19 16:57:08] [build-stdout] Done extracting /mnt/c/Users/726ja/Downloads/codeql/codeql/javascript/tools/data/externs/nodejs/assert_legacy.js (105 ms)
[2026-07-19 16:57:08] [build-stdout] Extracting /mnt/c/Users/726ja/Downloads/codeql/codeql/javascript/tools/data/externs/nodejs/buffer.js
[2026-07-19 16:57:08] [build-stdout] Done extracting /mnt/c/Users/726ja/Downloads/codeql/codeql/javascript/tools/data/externs/nodejs/buffer.js (129 ms)
[2026-07-19 16:57:08] [build-stdout] Extracting /mnt/c/Users/726ja/Downloads/codeql/codeql/javascript/tools/data/externs/nodejs/child_process.js
[2026-07-19 16:57:08] [build-stdout] Done extracting /mnt/c/Users/726ja/Downloads/codeql/codeql/javascript/tools/data/externs/nodejs/child_process.js (201 ms)
[2026-07-19 16:57:08] [build-stdout] Extracting /mnt/c/Users/726ja/Downloads/codeql/codeql/javascript/tools/data/externs/nodejs/cluster.js
[2026-07-19 16:57:09] [build-stdout] Done extracting /mnt/c/Users/726ja/Downloads/codeql/codeql/javascript/tools/data/externs/nodejs/cluster.js (221 ms)
[2026-07-19 16:57:09] [build-stdout] Extracting /mnt/c/Users/726ja/Downloads/codeql/codeql/javascript/tools/data/externs/nodejs/console.js
[2026-07-19 16:57:09] [build-stdout] Done extracting /mnt/c/Users/726ja/Downloads/codeql/codeql/javascript/tools/data/externs/nodejs/console.js (112 ms)
[2026-07-19 16:57:09] [build-stdout] Extracting /mnt/c/Users/726ja/Downloads/codeql/codeql/javascript/tools/data/externs/nodejs/constants.js
[2026-07-19 16:57:09] [build-stdout] Done extracting /mnt/c/Users/726ja/Downloads/codeql/codeql/javascript/tools/data/externs/nodejs/constants.js (262 ms)
[2026-07-19 16:57:09] [build-stdout] Extracting /mnt/c/Users/726ja/Downloads/codeql/codeql/javascript/tools/data/externs/nodejs/crypto.js
[2026-07-19 16:57:09] [build-stdout] Done extracting /mnt/c/Users/726ja/Downloads/codeql/codeql/javascript/tools/data/externs/nodejs/crypto.js (195 ms)
[2026-07-19 16:57:09] [build-stdout] Extracting /mnt/c/Users/726ja/Downloads/codeql/codeql/javascript/tools/data/externs/nodejs/dgram.js
[2026-07-19 16:57:09] [build-stdout] Done extracting /mnt/c/Users/726ja/Downloads/codeql/codeql/javascript/tools/data/externs/nodejs/dgram.js (127 ms)
[2026-07-19 16:57:09] [build-stdout] Extracting /mnt/c/Users/726ja/Downloads/codeql/codeql/javascript/tools/data/externs/nodejs/dns.js
[2026-07-19 16:57:09] [build-stdout] Done extracting /mnt/c/Users/726ja/Downloads/codeql/codeql/javascript/tools/data/externs/nodejs/dns.js (177 ms)
[2026-07-19 16:57:09] [build-stdout] Extracting /mnt/c/Users/726ja/Downloads/codeql/codeql/javascript/tools/data/externs/nodejs/domain.js
[2026-07-19 16:57:10] [build-stdout] Done extracting /mnt/c/Users/726ja/Downloads/codeql/codeql/javascript/tools/data/externs/nodejs/domain.js (116 ms)
[2026-07-19 16:57:10] [build-stdout] Extracting /mnt/c/Users/726ja/Downloads/codeql/codeql/javascript/tools/data/externs/nodejs/events.js
[2026-07-19 16:57:10] [build-stdout] Done extracting /mnt/c/Users/726ja/Downloads/codeql/codeql/javascript/tools/data/externs/nodejs/events.js (126 ms)
[2026-07-19 16:57:10] [build-stdout] Extracting /mnt/c/Users/726ja/Downloads/codeql/codeql/javascript/tools/data/externs/nodejs/fs.js
[2026-07-19 16:57:10] [build-stdout] Done extracting /mnt/c/Users/726ja/Downloads/codeql/codeql/javascript/tools/data/externs/nodejs/fs.js (262 ms)
[2026-07-19 16:57:10] [build-stdout] Extracting /mnt/c/Users/726ja/Downloads/codeql/codeql/javascript/tools/data/externs/nodejs/globals.js
[2026-07-19 16:57:10] [build-stdout] Done extracting /mnt/c/Users/726ja/Downloads/codeql/codeql/javascript/tools/data/externs/nodejs/globals.js (224 ms)
[2026-07-19 16:57:10] [build-stdout] Extracting /mnt/c/Users/726ja/Downloads/codeql/codeql/javascript/tools/data/externs/nodejs/http.js
[2026-07-19 16:57:10] [build-stdout] Done extracting /mnt/c/Users/726ja/Downloads/codeql/codeql/javascript/tools/data/externs/nodejs/http.js (146 ms)
[2026-07-19 16:57:10] [build-stdout] Extracting /mnt/c/Users/726ja/Downloads/codeql/codeql/javascript/tools/data/externs/nodejs/https.js
[2026-07-19 16:57:10] [build-stdout] Done extracting /mnt/c/Users/726ja/Downloads/codeql/codeql/javascript/tools/data/externs/nodejs/https.js (124 ms)
[2026-07-19 16:57:10] [build-stdout] Extracting /mnt/c/Users/726ja/Downloads/codeql/codeql/javascript/tools/data/externs/nodejs/module.js
[2026-07-19 16:57:11] [build-stdout] Done extracting /mnt/c/Users/726ja/Downloads/codeql/codeql/javascript/tools/data/externs/nodejs/module.js (126 ms)
[2026-07-19 16:57:11] [build-stdout] Extracting /mnt/c/Users/726ja/Downloads/codeql/codeql/javascript/tools/data/externs/nodejs/net.js
[2026-07-19 16:57:11] [build-stdout] Done extracting /mnt/c/Users/726ja/Downloads/codeql/codeql/javascript/tools/data/externs/nodejs/net.js (153 ms)
[2026-07-19 16:57:11] [build-stdout] Extracting /mnt/c/Users/726ja/Downloads/codeql/codeql/javascript/tools/data/externs/nodejs/os.js
[2026-07-19 16:57:11] [build-stdout] Done extracting /mnt/c/Users/726ja/Downloads/codeql/codeql/javascript/tools/data/externs/nodejs/os.js (122 ms)
[2026-07-19 16:57:11] [build-stdout] Extracting /mnt/c/Users/726ja/Downloads/codeql/codeql/javascript/tools/data/externs/nodejs/path.js
[2026-07-19 16:57:11] [build-stdout] Done extracting /mnt/c/Users/726ja/Downloads/codeql/codeql/javascript/tools/data/externs/nodejs/path.js (139 ms)
[2026-07-19 16:57:11] [build-stdout] Extracting /mnt/c/Users/726ja/Downloads/codeql/codeql/javascript/tools/data/externs/nodejs/process.js
[2026-07-19 16:57:11] [build-stdout] Done extracting /mnt/c/Users/726ja/Downloads/codeql/codeql/javascript/tools/data/externs/nodejs/process.js (128 ms)
[2026-07-19 16:57:11] [build-stdout] Extracting /mnt/c/Users/726ja/Downloads/codeql/codeql/javascript/tools/data/externs/nodejs/punycode.js
[2026-07-19 16:57:11] [build-stdout] Done extracting /mnt/c/Users/726ja/Downloads/codeql/codeql/javascript/tools/data/externs/nodejs/punycode.js (117 ms)
[2026-07-19 16:57:11] [build-stdout] Extracting /mnt/c/Users/726ja/Downloads/codeql/codeql/javascript/tools/data/externs/nodejs/querystring.js
[2026-07-19 16:57:11] [build-stdout] Done extracting /mnt/c/Users/726ja/Downloads/codeql/codeql/javascript/tools/data/externs/nodejs/querystring.js (106 ms)
[2026-07-19 16:57:11] [build-stdout] Extracting /mnt/c/Users/726ja/Downloads/codeql/codeql/javascript/tools/data/externs/nodejs/readline.js
[2026-07-19 16:57:11] [build-stdout] Done extracting /mnt/c/Users/726ja/Downloads/codeql/codeql/javascript/tools/data/externs/nodejs/readline.js (132 ms)
[2026-07-19 16:57:11] [build-stdout] Extracting /mnt/c/Users/726ja/Downloads/codeql/codeql/javascript/tools/data/externs/nodejs/repl.js
[2026-07-19 16:57:12] [build-stdout] Done extracting /mnt/c/Users/726ja/Downloads/codeql/codeql/javascript/tools/data/externs/nodejs/repl.js (128 ms)
[2026-07-19 16:57:12] [build-stdout] Extracting /mnt/c/Users/726ja/Downloads/codeql/codeql/javascript/tools/data/externs/nodejs/stream.js
[2026-07-19 16:57:12] [build-stdout] Done extracting /mnt/c/Users/726ja/Downloads/codeql/codeql/javascript/tools/data/externs/nodejs/stream.js (161 ms)
[2026-07-19 16:57:12] [build-stdout] Extracting /mnt/c/Users/726ja/Downloads/codeql/codeql/javascript/tools/data/externs/nodejs/string_decoder.js
[2026-07-19 16:57:12] [build-stdout] Done extracting /mnt/c/Users/726ja/Downloads/codeql/codeql/javascript/tools/data/externs/nodejs/string_decoder.js (132 ms)
[2026-07-19 16:57:12] [build-stdout] Extracting /mnt/c/Users/726ja/Downloads/codeql/codeql/javascript/tools/data/externs/nodejs/sys.js
[2026-07-19 16:57:12] [build-stdout] Done extracting /mnt/c/Users/726ja/Downloads/codeql/codeql/javascript/tools/data/externs/nodejs/sys.js (113 ms)
[2026-07-19 16:57:12] [build-stdout] Extracting /mnt/c/Users/726ja/Downloads/codeql/codeql/javascript/tools/data/externs/nodejs/timers.js
[2026-07-19 16:57:12] [build-stdout] Done extracting /mnt/c/Users/726ja/Downloads/codeql/codeql/javascript/tools/data/externs/nodejs/timers.js (116 ms)
[2026-07-19 16:57:12] [build-stdout] Extracting /mnt/c/Users/726ja/Downloads/codeql/codeql/javascript/tools/data/externs/nodejs/tls.js
[2026-07-19 16:57:12] [build-stdout] Done extracting /mnt/c/Users/726ja/Downloads/codeql/codeql/javascript/tools/data/externs/nodejs/tls.js (143 ms)
[2026-07-19 16:57:12] [build-stdout] Extracting /mnt/c/Users/726ja/Downloads/codeql/codeql/javascript/tools/data/externs/nodejs/tty.js
[2026-07-19 16:57:12] [build-stdout] Done extracting /mnt/c/Users/726ja/Downloads/codeql/codeql/javascript/tools/data/externs/nodejs/tty.js (134 ms)
[2026-07-19 16:57:12] [build-stdout] Extracting /mnt/c/Users/726ja/Downloads/codeql/codeql/javascript/tools/data/externs/nodejs/url.js
[2026-07-19 16:57:13] [build-stdout] Done extracting /mnt/c/Users/726ja/Downloads/codeql/codeql/javascript/tools/data/externs/nodejs/url.js (123 ms)
[2026-07-19 16:57:13] [build-stdout] Extracting /mnt/c/Users/726ja/Downloads/codeql/codeql/javascript/tools/data/externs/nodejs/util.js
[2026-07-19 16:57:13] [build-stdout] Done extracting /mnt/c/Users/726ja/Downloads/codeql/codeql/javascript/tools/data/externs/nodejs/util.js (128 ms)
[2026-07-19 16:57:13] [build-stdout] Extracting /mnt/c/Users/726ja/Downloads/codeql/codeql/javascript/tools/data/externs/nodejs/v8.js
[2026-07-19 16:57:13] [build-stdout] Done extracting /mnt/c/Users/726ja/Downloads/codeql/codeql/javascript/tools/data/externs/nodejs/v8.js (124 ms)
[2026-07-19 16:57:13] [build-stdout] Extracting /mnt/c/Users/726ja/Downloads/codeql/codeql/javascript/tools/data/externs/nodejs/vm.js
[2026-07-19 16:57:13] [build-stdout] Done extracting /mnt/c/Users/726ja/Downloads/codeql/codeql/javascript/tools/data/externs/nodejs/vm.js (108 ms)
[2026-07-19 16:57:13] [build-stdout] Extracting /mnt/c/Users/726ja/Downloads/codeql/codeql/javascript/tools/data/externs/nodejs/zlib.js
[2026-07-19 16:57:13] [build-stdout] Done extracting /mnt/c/Users/726ja/Downloads/codeql/codeql/javascript/tools/data/externs/nodejs/zlib.js (210 ms)
[2026-07-19 16:57:13] [build-stdout] Extracting /mnt/c/Users/726ja/Downloads/codeql/codeql/javascript/tools/data/externs/vm/jsshell.js
[2026-07-19 16:57:13] [build-stdout] Done extracting /mnt/c/Users/726ja/Downloads/codeql/codeql/javascript/tools/data/externs/vm/jsshell.js (139 ms)
[2026-07-19 16:57:13] [build-stdout] Extracting /mnt/c/Users/726ja/Downloads/codeql/codeql/javascript/tools/data/externs/vm/rhino.js
[2026-07-19 16:57:13] [build-stdout] Done extracting /mnt/c/Users/726ja/Downloads/codeql/codeql/javascript/tools/data/externs/vm/rhino.js (123 ms)
[2026-07-19 16:57:13] [build-stdout] Extracting /mnt/c/Users/726ja/Downloads/codeql/codeql/javascript/tools/data/externs/vm/spidermonkey.js
[2026-07-19 16:57:14] [build-stdout] Done extracting /mnt/c/Users/726ja/Downloads/codeql/codeql/javascript/tools/data/externs/vm/spidermonkey.js (169 ms)
[2026-07-19 16:57:14] [build-stdout] Extracting /mnt/c/Users/726ja/Downloads/codeql/codeql/javascript/tools/data/externs/vm/v8.js
[2026-07-19 16:57:14] [build-stdout] Done extracting /mnt/c/Users/726ja/Downloads/codeql/codeql/javascript/tools/data/externs/vm/v8.js (138 ms)
[2026-07-19 16:57:14] [build-stdout] Extracting /mnt/c/Users/726ja/Downloads/codeql/codeql/javascript/tools/data/externs/web/chrome.js
[2026-07-19 16:57:14] [build-stdout] Done extracting /mnt/c/Users/726ja/Downloads/codeql/codeql/javascript/tools/data/externs/web/chrome.js (156 ms)
[2026-07-19 16:57:14] [build-stdout] Extracting /mnt/c/Users/726ja/Downloads/codeql/codeql/javascript/tools/data/externs/web/fetchapi.js
[2026-07-19 16:57:14] [build-stdout] Done extracting /mnt/c/Users/726ja/Downloads/codeql/codeql/javascript/tools/data/externs/web/fetchapi.js (155 ms)
[2026-07-19 16:57:14] [build-stdout] Extracting /mnt/c/Users/726ja/Downloads/codeql/codeql/javascript/tools/data/externs/web/fileapi.js
[2026-07-19 16:57:14] [build-stdout] Done extracting /mnt/c/Users/726ja/Downloads/codeql/codeql/javascript/tools/data/externs/web/fileapi.js (148 ms)
[2026-07-19 16:57:14] [build-stdout] Extracting /mnt/c/Users/726ja/Downloads/codeql/codeql/javascript/tools/data/externs/web/flash.js
[2026-07-19 16:57:14] [build-stdout] Done extracting /mnt/c/Users/726ja/Downloads/codeql/codeql/javascript/tools/data/externs/web/flash.js (145 ms)
[2026-07-19 16:57:14] [build-stdout] Extracting /mnt/c/Users/726ja/Downloads/codeql/codeql/javascript/tools/data/externs/web/gecko_css.js
[2026-07-19 16:57:14] [build-stdout] Done extracting /mnt/c/Users/726ja/Downloads/codeql/codeql/javascript/tools/data/externs/web/gecko_css.js (110 ms)
[2026-07-19 16:57:14] [build-stdout] Extracting /mnt/c/Users/726ja/Downloads/codeql/codeql/javascript/tools/data/externs/web/gecko_dom.js
[2026-07-19 16:57:15] [build-stdout] Done extracting /mnt/c/Users/726ja/Downloads/codeql/codeql/javascript/tools/data/externs/web/gecko_dom.js (162 ms)
[2026-07-19 16:57:15] [build-stdout] Extracting /mnt/c/Users/726ja/Downloads/codeql/codeql/javascript/tools/data/externs/web/gecko_event.js
[2026-07-19 16:57:15] [build-stdout] Done extracting /mnt/c/Users/726ja/Downloads/codeql/codeql/javascript/tools/data/externs/web/gecko_event.js (127 ms)
[2026-07-19 16:57:15] [build-stdout] Extracting /mnt/c/Users/726ja/Downloads/codeql/codeql/javascript/tools/data/externs/web/gecko_ext.js
[2026-07-19 16:57:15] [build-stdout] Done extracting /mnt/c/Users/726ja/Downloads/codeql/codeql/javascript/tools/data/externs/web/gecko_ext.js (152 ms)
[2026-07-19 16:57:15] [build-stdout] Extracting /mnt/c/Users/726ja/Downloads/codeql/codeql/javascript/tools/data/externs/web/gecko_xml.js
[2026-07-19 16:57:15] [build-stdout] Done extracting /mnt/c/Users/726ja/Downloads/codeql/codeql/javascript/tools/data/externs/web/gecko_xml.js (101 ms)
[2026-07-19 16:57:15] [build-stdout] Extracting /mnt/c/Users/726ja/Downloads/codeql/codeql/javascript/tools/data/externs/web/html5.js
[2026-07-19 16:57:15] [build-stdout] Done extracting /mnt/c/Users/726ja/Downloads/codeql/codeql/javascript/tools/data/externs/web/html5.js (338 ms)
[2026-07-19 16:57:15] [build-stdout] Extracting /mnt/c/Users/726ja/Downloads/codeql/codeql/javascript/tools/data/externs/web/ie_css.js
[2026-07-19 16:57:16] [build-stdout] Done extracting /mnt/c/Users/726ja/Downloads/codeql/codeql/javascript/tools/data/externs/web/ie_css.js (132 ms)
[2026-07-19 16:57:16] [build-stdout] Extracting /mnt/c/Users/726ja/Downloads/codeql/codeql/javascript/tools/data/externs/web/ie_dom.js
[2026-07-19 16:57:16] [build-stdout] Done extracting /mnt/c/Users/726ja/Downloads/codeql/codeql/javascript/tools/data/externs/web/ie_dom.js (186 ms)
[2026-07-19 16:57:16] [build-stdout] Extracting /mnt/c/Users/726ja/Downloads/codeql/codeql/javascript/tools/data/externs/web/ie_event.js
[2026-07-19 16:57:16] [build-stdout] Done extracting /mnt/c/Users/726ja/Downloads/codeql/codeql/javascript/tools/data/externs/web/ie_event.js (114 ms)
[2026-07-19 16:57:16] [build-stdout] Extracting /mnt/c/Users/726ja/Downloads/codeql/codeql/javascript/tools/data/externs/web/ie_vml.js
[2026-07-19 16:57:16] [build-stdout] Done extracting /mnt/c/Users/726ja/Downloads/codeql/codeql/javascript/tools/data/externs/web/ie_vml.js (137 ms)
[2026-07-19 16:57:16] [build-stdout] Extracting /mnt/c/Users/726ja/Downloads/codeql/codeql/javascript/tools/data/externs/web/intl.js
[2026-07-19 16:57:16] [build-stdout] Done extracting /mnt/c/Users/726ja/Downloads/codeql/codeql/javascript/tools/data/externs/web/intl.js (118 ms)
[2026-07-19 16:57:16] [build-stdout] Extracting /mnt/c/Users/726ja/Downloads/codeql/codeql/javascript/tools/data/externs/web/iphone.js
[2026-07-19 16:57:16] [build-stdout] Done extracting /mnt/c/Users/726ja/Downloads/codeql/codeql/javascript/tools/data/externs/web/iphone.js (128 ms)
[2026-07-19 16:57:16] [build-stdout] Extracting /mnt/c/Users/726ja/Downloads/codeql/codeql/javascript/tools/data/externs/web/mediasource.js
[2026-07-19 16:57:16] [build-stdout] Done extracting /mnt/c/Users/726ja/Downloads/codeql/codeql/javascript/tools/data/externs/web/mediasource.js (119 ms)
[2026-07-19 16:57:16] [build-stdout] Extracting /mnt/c/Users/726ja/Downloads/codeql/codeql/javascript/tools/data/externs/web/page_visibility.js
[2026-07-19 16:57:16] [build-stdout] Done extracting /mnt/c/Users/726ja/Downloads/codeql/codeql/javascript/tools/data/externs/web/page_visibility.js (124 ms)
[2026-07-19 16:57:16] [build-stdout] Extracting /mnt/c/Users/726ja/Downloads/codeql/codeql/javascript/tools/data/externs/web/streamsapi.js
[2026-07-19 16:57:17] [build-stdout] Done extracting /mnt/c/Users/726ja/Downloads/codeql/codeql/javascript/tools/data/externs/web/streamsapi.js (121 ms)
[2026-07-19 16:57:17] [build-stdout] Extracting /mnt/c/Users/726ja/Downloads/codeql/codeql/javascript/tools/data/externs/web/url.js
[2026-07-19 16:57:17] [build-stdout] Done extracting /mnt/c/Users/726ja/Downloads/codeql/codeql/javascript/tools/data/externs/web/url.js (128 ms)
[2026-07-19 16:57:17] [build-stdout] Extracting /mnt/c/Users/726ja/Downloads/codeql/codeql/javascript/tools/data/externs/web/w3c_anim_timing.js
[2026-07-19 16:57:17] [build-stdout] Done extracting /mnt/c/Users/726ja/Downloads/codeql/codeql/javascript/tools/data/externs/web/w3c_anim_timing.js (163 ms)
[2026-07-19 16:57:17] [build-stdout] Extracting /mnt/c/Users/726ja/Downloads/codeql/codeql/javascript/tools/data/externs/web/w3c_batterystatus.js
[2026-07-19 16:57:17] [build-stdout] Done extracting /mnt/c/Users/726ja/Downloads/codeql/codeql/javascript/tools/data/externs/web/w3c_batterystatus.js (123 ms)
[2026-07-19 16:57:17] [build-stdout] Extracting /mnt/c/Users/726ja/Downloads/codeql/codeql/javascript/tools/data/externs/web/w3c_css.js
[2026-07-19 16:57:17] [build-stdout] Done extracting /mnt/c/Users/726ja/Downloads/codeql/codeql/javascript/tools/data/externs/web/w3c_css.js (201 ms)
[2026-07-19 16:57:17] [build-stdout] Extracting /mnt/c/Users/726ja/Downloads/codeql/codeql/javascript/tools/data/externs/web/w3c_css3d.js
[2026-07-19 16:57:17] [build-stdout] Done extracting /mnt/c/Users/726ja/Downloads/codeql/codeql/javascript/tools/data/externs/web/w3c_css3d.js (139 ms)
[2026-07-19 16:57:17] [build-stdout] Extracting /mnt/c/Users/726ja/Downloads/codeql/codeql/javascript/tools/data/externs/web/w3c_device_sensor_event.js
[2026-07-19 16:57:17] [build-stdout] Done extracting /mnt/c/Users/726ja/Downloads/codeql/codeql/javascript/tools/data/externs/web/w3c_device_sensor_event.js (119 ms)
[2026-07-19 16:57:17] [build-stdout] Extracting /mnt/c/Users/726ja/Downloads/codeql/codeql/javascript/tools/data/externs/web/w3c_dom1.js
[2026-07-19 16:57:18] [build-stdout] Done extracting /mnt/c/Users/726ja/Downloads/codeql/codeql/javascript/tools/data/externs/web/w3c_dom1.js (179 ms)
[2026-07-19 16:57:18] [build-stdout] Extracting /mnt/c/Users/726ja/Downloads/codeql/codeql/javascript/tools/data/externs/web/w3c_dom2.js
[2026-07-19 16:57:18] [build-stdout] Done extracting /mnt/c/Users/726ja/Downloads/codeql/codeql/javascript/tools/data/externs/web/w3c_dom2.js (209 ms)
[2026-07-19 16:57:18] [build-stdout] Extracting /mnt/c/Users/726ja/Downloads/codeql/codeql/javascript/tools/data/externs/web/w3c_dom3.js
[2026-07-19 16:57:18] [build-stdout] Done extracting /mnt/c/Users/726ja/Downloads/codeql/codeql/javascript/tools/data/externs/web/w3c_dom3.js (210 ms)
[2026-07-19 16:57:18] [build-stdout] Extracting /mnt/c/Users/726ja/Downloads/codeql/codeql/javascript/tools/data/externs/web/w3c_dom4.js
[2026-07-19 16:57:18] [build-stdout] Done extracting /mnt/c/Users/726ja/Downloads/codeql/codeql/javascript/tools/data/externs/web/w3c_dom4.js (124 ms)
[2026-07-19 16:57:18] [build-stdout] Extracting /mnt/c/Users/726ja/Downloads/codeql/codeql/javascript/tools/data/externs/web/w3c_elementtraversal.js
[2026-07-19 16:57:18] [build-stdout] Done extracting /mnt/c/Users/726ja/Downloads/codeql/codeql/javascript/tools/data/externs/web/w3c_elementtraversal.js (111 ms)
[2026-07-19 16:57:18] [build-stdout] Extracting /mnt/c/Users/726ja/Downloads/codeql/codeql/javascript/tools/data/externs/web/w3c_encoding.js
[2026-07-19 16:57:18] [build-stdout] Done extracting /mnt/c/Users/726ja/Downloads/codeql/codeql/javascript/tools/data/externs/web/w3c_encoding.js (124 ms)
[2026-07-19 16:57:18] [build-stdout] Extracting /mnt/c/Users/726ja/Downloads/codeql/codeql/javascript/tools/data/externs/web/w3c_event.js
[2026-07-19 16:57:19] [build-stdout] Done extracting /mnt/c/Users/726ja/Downloads/codeql/codeql/javascript/tools/data/externs/web/w3c_event.js (117 ms)
[2026-07-19 16:57:19] [build-stdout] Extracting /mnt/c/Users/726ja/Downloads/codeql/codeql/javascript/tools/data/externs/web/w3c_event3.js
[2026-07-19 16:57:19] [build-stdout] Done extracting /mnt/c/Users/726ja/Downloads/codeql/codeql/javascript/tools/data/externs/web/w3c_event3.js (118 ms)
[2026-07-19 16:57:19] [build-stdout] Extracting /mnt/c/Users/726ja/Downloads/codeql/codeql/javascript/tools/data/externs/web/w3c_gamepad.js
[2026-07-19 16:57:19] [build-stdout] Done extracting /mnt/c/Users/726ja/Downloads/codeql/codeql/javascript/tools/data/externs/web/w3c_gamepad.js (121 ms)
[2026-07-19 16:57:19] [build-stdout] Extracting /mnt/c/Users/726ja/Downloads/codeql/codeql/javascript/tools/data/externs/web/w3c_geolocation.js
[2026-07-19 16:57:19] [build-stdout] Done extracting /mnt/c/Users/726ja/Downloads/codeql/codeql/javascript/tools/data/externs/web/w3c_geolocation.js (129 ms)
[2026-07-19 16:57:19] [build-stdout] Extracting /mnt/c/Users/726ja/Downloads/codeql/codeql/javascript/tools/data/externs/web/w3c_indexeddb.js
[2026-07-19 16:57:19] [build-stdout] Done extracting /mnt/c/Users/726ja/Downloads/codeql/codeql/javascript/tools/data/externs/web/w3c_indexeddb.js (147 ms)
[2026-07-19 16:57:19] [build-stdout] Extracting /mnt/c/Users/726ja/Downloads/codeql/codeql/javascript/tools/data/externs/web/w3c_midi.js
[2026-07-19 16:57:19] [build-stdout] Done extracting /mnt/c/Users/726ja/Downloads/codeql/codeql/javascript/tools/data/externs/web/w3c_midi.js (148 ms)
[2026-07-19 16:57:19] [build-stdout] Extracting /mnt/c/Users/726ja/Downloads/codeql/codeql/javascript/tools/data/externs/web/w3c_navigation_timing.js
[2026-07-19 16:57:19] [build-stdout] Done extracting /mnt/c/Users/726ja/Downloads/codeql/codeql/javascript/tools/data/externs/web/w3c_navigation_timing.js (128 ms)
[2026-07-19 16:57:19] [build-stdout] Extracting /mnt/c/Users/726ja/Downloads/codeql/codeql/javascript/tools/data/externs/web/w3c_permissions.js
[2026-07-19 16:57:20] [build-stdout] Done extracting /mnt/c/Users/726ja/Downloads/codeql/codeql/javascript/tools/data/externs/web/w3c_permissions.js (123 ms)
[2026-07-19 16:57:20] [build-stdout] Extracting /mnt/c/Users/726ja/Downloads/codeql/codeql/javascript/tools/data/externs/web/w3c_pointer_events.js
[2026-07-19 16:57:20] [build-stdout] Done extracting /mnt/c/Users/726ja/Downloads/codeql/codeql/javascript/tools/data/externs/web/w3c_pointer_events.js (117 ms)
[2026-07-19 16:57:20] [build-stdout] Extracting /mnt/c/Users/726ja/Downloads/codeql/codeql/javascript/tools/data/externs/web/w3c_range.js
[2026-07-19 16:57:20] [build-stdout] Done extracting /mnt/c/Users/726ja/Downloads/codeql/codeql/javascript/tools/data/externs/web/w3c_range.js (128 ms)
[2026-07-19 16:57:20] [build-stdout] Extracting /mnt/c/Users/726ja/Downloads/codeql/codeql/javascript/tools/data/externs/web/w3c_requestidlecallback.js
[2026-07-19 16:57:20] [build-stdout] Done extracting /mnt/c/Users/726ja/Downloads/codeql/codeql/javascript/tools/data/externs/web/w3c_requestidlecallback.js (123 ms)
[2026-07-19 16:57:20] [build-stdout] Extracting /mnt/c/Users/726ja/Downloads/codeql/codeql/javascript/tools/data/externs/web/w3c_rtc.js
[2026-07-19 16:57:20] [build-stdout] Done extracting /mnt/c/Users/726ja/Downloads/codeql/codeql/javascript/tools/data/externs/web/w3c_rtc.js (216 ms)
[2026-07-19 16:57:20] [build-stdout] Extracting /mnt/c/Users/726ja/Downloads/codeql/codeql/javascript/tools/data/externs/web/w3c_screen_orientation.js
[2026-07-19 16:57:20] [build-stdout] Done extracting /mnt/c/Users/726ja/Downloads/codeql/codeql/javascript/tools/data/externs/web/w3c_screen_orientation.js (149 ms)
[2026-07-19 16:57:20] [build-stdout] Extracting /mnt/c/Users/726ja/Downloads/codeql/codeql/javascript/tools/data/externs/web/w3c_selectors.js
[2026-07-19 16:57:20] [build-stdout] Done extracting /mnt/c/Users/726ja/Downloads/codeql/codeql/javascript/tools/data/externs/web/w3c_selectors.js (120 ms)
[2026-07-19 16:57:20] [build-stdout] Extracting /mnt/c/Users/726ja/Downloads/codeql/codeql/javascript/tools/data/externs/web/w3c_serviceworker.js
[2026-07-19 16:57:21] [build-stdout] Done extracting /mnt/c/Users/726ja/Downloads/codeql/codeql/javascript/tools/data/externs/web/w3c_serviceworker.js (142 ms)
[2026-07-19 16:57:21] [build-stdout] Extracting /mnt/c/Users/726ja/Downloads/codeql/codeql/javascript/tools/data/externs/web/w3c_touch_event.js
[2026-07-19 16:57:21] [build-stdout] Done extracting /mnt/c/Users/726ja/Downloads/codeql/codeql/javascript/tools/data/externs/web/w3c_touch_event.js (172 ms)
[2026-07-19 16:57:21] [build-stdout] Extracting /mnt/c/Users/726ja/Downloads/codeql/codeql/javascript/tools/data/externs/web/w3c_webcrypto.js
[2026-07-19 16:57:21] [build-stdout] Done extracting /mnt/c/Users/726ja/Downloads/codeql/codeql/javascript/tools/data/externs/web/w3c_webcrypto.js (149 ms)
[2026-07-19 16:57:21] [build-stdout] Extracting /mnt/c/Users/726ja/Downloads/codeql/codeql/javascript/tools/data/externs/web/w3c_xml.js
[2026-07-19 16:57:21] [build-stdout] Done extracting /mnt/c/Users/726ja/Downloads/codeql/codeql/javascript/tools/data/externs/web/w3c_xml.js (129 ms)
[2026-07-19 16:57:21] [build-stdout] Extracting /mnt/c/Users/726ja/Downloads/codeql/codeql/javascript/tools/data/externs/web/webgl.js
[2026-07-19 16:57:21] [build-stdout] Done extracting /mnt/c/Users/726ja/Downloads/codeql/codeql/javascript/tools/data/externs/web/webgl.js (307 ms)
[2026-07-19 16:57:21] [build-stdout] Extracting /mnt/c/Users/726ja/Downloads/codeql/codeql/javascript/tools/data/externs/web/webkit_css.js
[2026-07-19 16:57:22] [build-stdout] Done extracting /mnt/c/Users/726ja/Downloads/codeql/codeql/javascript/tools/data/externs/web/webkit_css.js (188 ms)
[2026-07-19 16:57:22] [build-stdout] Extracting /mnt/c/Users/726ja/Downloads/codeql/codeql/javascript/tools/data/externs/web/webkit_dom.js
[2026-07-19 16:57:22] [build-stdout] Done extracting /mnt/c/Users/726ja/Downloads/codeql/codeql/javascript/tools/data/externs/web/webkit_dom.js (148 ms)
[2026-07-19 16:57:22] [build-stdout] Extracting /mnt/c/Users/726ja/Downloads/codeql/codeql/javascript/tools/data/externs/web/webkit_event.js
[2026-07-19 16:57:22] [build-stdout] Done extracting /mnt/c/Users/726ja/Downloads/codeql/codeql/javascript/tools/data/externs/web/webkit_event.js (119 ms)
[2026-07-19 16:57:22] [build-stdout] Extracting /mnt/c/Users/726ja/Downloads/codeql/codeql/javascript/tools/data/externs/web/webkit_notifications.js
[2026-07-19 16:57:22] [build-stdout] Done extracting /mnt/c/Users/726ja/Downloads/codeql/codeql/javascript/tools/data/externs/web/webkit_notifications.js (109 ms)
[2026-07-19 16:57:22] [build-stdout] Extracting /mnt/c/Users/726ja/Downloads/codeql/codeql/javascript/tools/data/externs/web/webkit_usercontent.js
[2026-07-19 16:57:22] [build-stdout] Done extracting /mnt/c/Users/726ja/Downloads/codeql/codeql/javascript/tools/data/externs/web/webkit_usercontent.js (141 ms)
[2026-07-19 16:57:22] [build-stdout] Extracting /mnt/c/Users/726ja/Downloads/codeql/codeql/javascript/tools/data/externs/web/webstorage.js
[2026-07-19 16:57:22] [build-stdout] Done extracting /mnt/c/Users/726ja/Downloads/codeql/codeql/javascript/tools/data/externs/web/webstorage.js (137 ms)
[2026-07-19 16:57:22] [build-stdout] Extracting /mnt/c/Users/726ja/Downloads/codeql/codeql/javascript/tools/data/externs/web/whatwg_encoding.js
[2026-07-19 16:57:22] [build-stdout] Done extracting /mnt/c/Users/726ja/Downloads/codeql/codeql/javascript/tools/data/externs/web/whatwg_encoding.js (143 ms)
[2026-07-19 16:57:22] [build-stdout] Extracting /mnt/c/Users/726ja/Downloads/codeql/codeql/javascript/tools/data/externs/web/window.js
[2026-07-19 16:57:22] [build-stdout] Done extracting /mnt/c/Users/726ja/Downloads/codeql/codeql/javascript/tools/data/externs/web/window.js (120 ms)
[2026-07-19 16:57:23] Plumbing command codeql database trace-command completed.
[2026-07-19 16:57:23] [PROGRESS] database create> Finalizing database at /mnt/c/Users/726ja/reveal/.reveal/reachability/database.
[2026-07-19 16:57:23] Running plumbing command: codeql database finalize --no-db-cluster -- /mnt/c/Users/726ja/reveal/.reveal/reachability/database
[2026-07-19 16:57:21] [PROGRESS] database finalize> Running TRAP import for CodeQL database at /mnt/c/Users/726ja/reveal/.reveal/reachability/database...
[2026-07-19 16:57:21] Running plumbing command: codeql dataset import --dbscheme=/mnt/c/Users/726ja/Downloads/codeql/codeql/javascript/semmlecode.javascript.dbscheme -- /mnt/c/Users/726ja/reveal/.reveal/reachability/database/db-javascript /mnt/c/Users/726ja/reveal/.reveal/reachability/database/trap/javascript
[2026-07-19 16:57:21] Clearing disk cache since the version file /mnt/c/Users/726ja/reveal/.reveal/reachability/database/db-javascript/default/cache/version does not exist
[2026-07-19 16:57:21] Tuple pool not found. Clearing relations with cached strings
[2026-07-19 16:57:21] Trimming disk cache at /mnt/c/Users/726ja/reveal/.reveal/reachability/database/db-javascript/default/cache in mode clear.
[2026-07-19 16:57:21] Sequence stamp origin is -5889740873109636371
[2026-07-19 16:57:21] Pausing evaluation to hard-clear memory at sequence stamp o+0
[2026-07-19 16:57:21] Unpausing evaluation
[2026-07-19 16:57:21] Pausing evaluation to quickly trim disk at sequence stamp o+1
[2026-07-19 16:57:21] Unpausing evaluation
[2026-07-19 16:57:21] Pausing evaluation to zealously trim disk at sequence stamp o+2
[2026-07-19 16:57:21] Unpausing evaluation
[2026-07-19 16:57:21] Trimming completed (42ms): Purged everything.
[2026-07-19 16:57:22] Scanning for files in /mnt/c/Users/726ja/reveal/.reveal/reachability/database/trap/javascript
[2026-07-19 16:57:25] Found 122 TRAP files (8.31 MiB)
[2026-07-19 16:57:25] [PROGRESS] dataset import> Importing TRAP files
[2026-07-19 16:57:26] Importing metadata.trap.gz (1 of 122)
[2026-07-19 16:57:26] Importing es2016.js.trap.gz (2 of 122)
[2026-07-19 16:57:26] Importing es2017.js.trap.gz (3 of 122)
[2026-07-19 16:57:26] Importing es3.js.trap.gz (4 of 122)
[2026-07-19 16:57:27] Importing es5.js.trap.gz (5 of 122)
[2026-07-19 16:57:27] Importing es6.js.trap.gz (6 of 122)
[2026-07-19 16:57:27] Importing es6_collections.js.trap.gz (7 of 122)
[2026-07-19 16:57:27] Importing intl.js.trap.gz (8 of 122)
[2026-07-19 16:57:27] Importing proxy.js.trap.gz (9 of 122)
[2026-07-19 16:57:27] Importing bdd.js.trap.gz (10 of 122)
[2026-07-19 16:57:27] Importing jquery-3.2.js.trap.gz (11 of 122)
[2026-07-19 16:57:27] Importing should.js.trap.gz (12 of 122)
[2026-07-19 16:57:27] Importing vows.js.trap.gz (13 of 122)
[2026-07-19 16:57:27] Importing assert.js.trap.gz (14 of 122)
[2026-07-19 16:57:27] Importing assert_legacy.js.trap.gz (15 of 122)
[2026-07-19 16:57:27] Importing buffer.js.trap.gz (16 of 122)
[2026-07-19 16:57:27] Importing child_process.js.trap.gz (17 of 122)
[2026-07-19 16:57:27] Importing cluster.js.trap.gz (18 of 122)
[2026-07-19 16:57:27] Importing console.js.trap.gz (19 of 122)
[2026-07-19 16:57:27] Importing constants.js.trap.gz (20 of 122)
[2026-07-19 16:57:28] Importing crypto.js.trap.gz (21 of 122)
[2026-07-19 16:57:28] Importing dgram.js.trap.gz (22 of 122)
[2026-07-19 16:57:28] Importing dns.js.trap.gz (23 of 122)
[2026-07-19 16:57:28] Importing domain.js.trap.gz (24 of 122)
[2026-07-19 16:57:28] Importing events.js.trap.gz (25 of 122)
[2026-07-19 16:57:28] Importing fs.js.trap.gz (26 of 122)
[2026-07-19 16:57:28] Importing globals.js.trap.gz (27 of 122)
[2026-07-19 16:57:28] Importing http.js.trap.gz (28 of 122)
[2026-07-19 16:57:28] Importing https.js.trap.gz (29 of 122)
[2026-07-19 16:57:28] Importing module.js.trap.gz (30 of 122)
[2026-07-19 16:57:28] Importing net.js.trap.gz (31 of 122)
[2026-07-19 16:57:28] Importing os.js.trap.gz (32 of 122)
[2026-07-19 16:57:28] Importing path.js.trap.gz (33 of 122)
[2026-07-19 16:57:28] Importing process.js.trap.gz (34 of 122)
[2026-07-19 16:57:28] Importing punycode.js.trap.gz (35 of 122)
[2026-07-19 16:57:28] Importing querystring.js.trap.gz (36 of 122)
[2026-07-19 16:57:28] Importing readline.js.trap.gz (37 of 122)
[2026-07-19 16:57:28] Importing repl.js.trap.gz (38 of 122)
[2026-07-19 16:57:28] Importing stream.js.trap.gz (39 of 122)
[2026-07-19 16:57:29] Importing string_decoder.js.trap.gz (40 of 122)
[2026-07-19 16:57:29] Importing sys.js.trap.gz (41 of 122)
[2026-07-19 16:57:29] Importing timers.js.trap.gz (42 of 122)
[2026-07-19 16:57:29] Importing tls.js.trap.gz (43 of 122)
[2026-07-19 16:57:29] Importing tty.js.trap.gz (44 of 122)
[2026-07-19 16:57:29] Importing url.js.trap.gz (45 of 122)
[2026-07-19 16:57:29] Importing util.js.trap.gz (46 of 122)
[2026-07-19 16:57:29] Importing v8.js.trap.gz (47 of 122)
[2026-07-19 16:57:29] Importing vm.js.trap.gz (48 of 122)
[2026-07-19 16:57:29] Importing zlib.js.trap.gz (49 of 122)
[2026-07-19 16:57:29] Importing jsshell.js.trap.gz (50 of 122)
[2026-07-19 16:57:29] Importing rhino.js.trap.gz (51 of 122)
[2026-07-19 16:57:29] Importing spidermonkey.js.trap.gz (52 of 122)
[2026-07-19 16:57:29] Importing v8.js.trap.gz (53 of 122)
[2026-07-19 16:57:29] Importing chrome.js.trap.gz (54 of 122)
[2026-07-19 16:57:29] Importing fetchapi.js.trap.gz (55 of 122)
[2026-07-19 16:57:29] Importing fileapi.js.trap.gz (56 of 122)
[2026-07-19 16:57:29] Importing flash.js.trap.gz (57 of 122)
[2026-07-19 16:57:29] Importing gecko_css.js.trap.gz (58 of 122)
[2026-07-19 16:57:29] Importing gecko_dom.js.trap.gz (59 of 122)
[2026-07-19 16:57:29] Importing gecko_event.js.trap.gz (60 of 122)
[2026-07-19 16:57:29] Importing gecko_ext.js.trap.gz (61 of 122)
[2026-07-19 16:57:29] Importing gecko_xml.js.trap.gz (62 of 122)
[2026-07-19 16:57:29] Importing html5.js.trap.gz (63 of 122)
[2026-07-19 16:57:30] Importing ie_css.js.trap.gz (64 of 122)
[2026-07-19 16:57:30] Importing ie_dom.js.trap.gz (65 of 122)
[2026-07-19 16:57:30] Importing ie_event.js.trap.gz (66 of 122)
[2026-07-19 16:57:30] Importing ie_vml.js.trap.gz (67 of 122)
[2026-07-19 16:57:30] Importing intl.js.trap.gz (68 of 122)
[2026-07-19 16:57:30] Importing iphone.js.trap.gz (69 of 122)
[2026-07-19 16:57:30] Importing mediasource.js.trap.gz (70 of 122)
[2026-07-19 16:57:30] Importing page_visibility.js.trap.gz (71 of 122)
[2026-07-19 16:57:30] Importing streamsapi.js.trap.gz (72 of 122)
[2026-07-19 16:57:30] Importing url.js.trap.gz (73 of 122)
[2026-07-19 16:57:30] Importing w3c_anim_timing.js.trap.gz (74 of 122)
[2026-07-19 16:57:30] Importing w3c_batterystatus.js.trap.gz (75 of 122)
[2026-07-19 16:57:30] Importing w3c_css.js.trap.gz (76 of 122)
[2026-07-19 16:57:30] Importing w3c_css3d.js.trap.gz (77 of 122)
[2026-07-19 16:57:30] Importing w3c_device_sensor_event.js.trap.gz (78 of 122)
[2026-07-19 16:57:30] Importing w3c_dom1.js.trap.gz (79 of 122)
[2026-07-19 16:57:30] Importing w3c_dom2.js.trap.gz (80 of 122)
[2026-07-19 16:57:30] Importing w3c_dom3.js.trap.gz (81 of 122)
[2026-07-19 16:57:30] Importing w3c_dom4.js.trap.gz (82 of 122)
[2026-07-19 16:57:30] Importing w3c_elementtraversal.js.trap.gz (83 of 122)
[2026-07-19 16:57:30] Importing w3c_encoding.js.trap.gz (84 of 122)
[2026-07-19 16:57:30] Importing w3c_event.js.trap.gz (85 of 122)
[2026-07-19 16:57:30] Importing w3c_event3.js.trap.gz (86 of 122)
[2026-07-19 16:57:30] Importing w3c_gamepad.js.trap.gz (87 of 122)
[2026-07-19 16:57:30] Importing w3c_geolocation.js.trap.gz (88 of 122)
[2026-07-19 16:57:30] Importing w3c_indexeddb.js.trap.gz (89 of 122)
[2026-07-19 16:57:30] Importing w3c_midi.js.trap.gz (90 of 122)
[2026-07-19 16:57:30] Importing w3c_navigation_timing.js.trap.gz (91 of 122)
[2026-07-19 16:57:30] Importing w3c_permissions.js.trap.gz (92 of 122)
[2026-07-19 16:57:31] Importing w3c_pointer_events.js.trap.gz (93 of 122)
[2026-07-19 16:57:31] Importing w3c_range.js.trap.gz (94 of 122)
[2026-07-19 16:57:31] Importing w3c_requestidlecallback.js.trap.gz (95 of 122)
[2026-07-19 16:57:31] Importing w3c_rtc.js.trap.gz (96 of 122)
[2026-07-19 16:57:31] Importing w3c_screen_orientation.js.trap.gz (97 of 122)
[2026-07-19 16:57:31] Importing w3c_selectors.js.trap.gz (98 of 122)
[2026-07-19 16:57:31] Importing w3c_serviceworker.js.trap.gz (99 of 122)
[2026-07-19 16:57:31] Importing w3c_touch_event.js.trap.gz (100 of 122)
[2026-07-19 16:57:31] Importing w3c_webcrypto.js.trap.gz (101 of 122)
[2026-07-19 16:57:31] Importing w3c_xml.js.trap.gz (102 of 122)
[2026-07-19 16:57:31] Importing webgl.js.trap.gz (103 of 122)
[2026-07-19 16:57:31] Importing webkit_css.js.trap.gz (104 of 122)
[2026-07-19 16:57:31] Importing webkit_dom.js.trap.gz (105 of 122)
[2026-07-19 16:57:31] Importing webkit_event.js.trap.gz (106 of 122)
[2026-07-19 16:57:31] Importing webkit_notifications.js.trap.gz (107 of 122)
[2026-07-19 16:57:31] Importing webkit_usercontent.js.trap.gz (108 of 122)
[2026-07-19 16:57:31] Importing webstorage.js.trap.gz (109 of 122)
[2026-07-19 16:57:31] Importing whatwg_encoding.js.trap.gz (110 of 122)
[2026-07-19 16:57:31] Importing window.js.trap.gz (111 of 122)
[2026-07-19 16:57:31] Importing package.json.trap.gz (112 of 122)
[2026-07-19 16:57:31] Importing index.js.trap.gz (113 of 122)
[2026-07-19 16:57:31] Importing requestLogger.js.trap.gz (114 of 122)
[2026-07-19 16:57:32] Importing router.js.trap.gz (115 of 122)
[2026-07-19 16:57:32] Importing health.js.trap.gz (116 of 122)
[2026-07-19 16:57:32] Importing reports.js.trap.gz (117 of 122)
[2026-07-19 16:57:32] Importing tasks.js.trap.gz (118 of 122)
[2026-07-19 16:57:32] Importing reportService.js.trap.gz (119 of 122)
[2026-07-19 16:57:32] Importing taskService.js.trap.gz (120 of 122)
[2026-07-19 16:57:32] Importing config.js.trap.gz (121 of 122)
[2026-07-19 16:57:32] Importing logger.js.trap.gz (122 of 122)
[2026-07-19 16:57:32] [PROGRESS] dataset import> Merging relations
[2026-07-19 16:57:33] Merging 1 fragment for 'sourceLocationPrefix'.
[2026-07-19 16:57:33] Merged 18 bytes for 'sourceLocationPrefix'.
[2026-07-19 16:57:33] Merging 1 fragment for 'files'.
[2026-07-19 16:57:33] Merged 446 bytes for 'files'.
[2026-07-19 16:57:33] Merging 1 fragment for 'folders'.
[2026-07-19 16:57:33] Merged 93 bytes for 'folders'.
[2026-07-19 16:57:33] Merging 1 fragment for 'containerparent'.
[2026-07-19 16:57:33] Merged 365 bytes for 'containerparent'.
[2026-07-19 16:57:33] Merging 2 fragments for 'locations_default'.
[2026-07-19 16:57:33] Merged 815871 bytes (796.75 KiB) for 'locations_default'.
[2026-07-19 16:57:33] Merging 3 fragments for 'hasLocation'.
[2026-07-19 16:57:33] Merged 521094 bytes (508.88 KiB) for 'hasLocation'.
[2026-07-19 16:57:33] Merging 1 fragment for 'extraction_data'.
[2026-07-19 16:57:33] Merged 554 bytes for 'extraction_data'.
[2026-07-19 16:57:33] Merging 1 fragment for 'scopes'.
[2026-07-19 16:57:33] Merged 4188 bytes (4.09 KiB) for 'scopes'.
[2026-07-19 16:57:33] Merging 1 fragment for 'comments'.
[2026-07-19 16:57:33] Merged 37360 bytes (36.48 KiB) for 'comments'.
[2026-07-19 16:57:33] Merging 1 fragment for 'indentation'.
[2026-07-19 16:57:33] Merged 26853 bytes (26.22 KiB) for 'indentation'.
[2026-07-19 16:57:33] Merging 1 fragment for 'numlines'.
[2026-07-19 16:57:33] Merged 1679 bytes (1.64 KiB) for 'numlines'.
[2026-07-19 16:57:33] Merging 1 fragment for 'tokeninfo'.
[2026-07-19 16:57:33] Merged 441046 bytes (430.71 KiB) for 'tokeninfo'.
[2026-07-19 16:57:33] Merging 1 fragment for 'next_token'.
[2026-07-19 16:57:33] Merged 20402 bytes (19.92 KiB) for 'next_token'.
[2026-07-19 16:57:33] Merging 1 fragment for 'jsdoc'.
[2026-07-19 16:57:33] Merged 20253 bytes (19.78 KiB) for 'jsdoc'.
[2026-07-19 16:57:33] Merging 1 fragment for 'jsdoc_tags'.
[2026-07-19 16:57:33] Merged 95396 bytes (93.16 KiB) for 'jsdoc_tags'.
[2026-07-19 16:57:33] Merging 1 fragment for 'jsdoc_tag_descriptions'.
[2026-07-19 16:57:33] Merged 7318 bytes (7.15 KiB) for 'jsdoc_tag_descriptions'.
[2026-07-19 16:57:33] Merging 1 fragment for 'jsdoc_tag_names'.
[2026-07-19 16:57:33] Merged 14299 bytes (13.96 KiB) for 'jsdoc_tag_names'.
[2026-07-19 16:57:34] Merging 1 fragment for 'jsdoc_type_exprs'.
[2026-07-19 16:57:34] Merged 125568 bytes (122.62 KiB) for 'jsdoc_type_exprs'.
[2026-07-19 16:57:34] Merging 1 fragment for 'toplevels'.
[2026-07-19 16:57:34] Merged 249 bytes for 'toplevels'.
[2026-07-19 16:57:34] Merging 1 fragment for 'stmts'.
[2026-07-19 16:57:34] Merged 102777 bytes (100.37 KiB) for 'stmts'.
[2026-07-19 16:57:34] Merging 1 fragment for 'stmt_containers'.
[2026-07-19 16:57:34] Merged 46882 bytes (45.78 KiB) for 'stmt_containers'.
[2026-07-19 16:57:34] Merging 1 fragment for 'exprs'.
[2026-07-19 16:57:34] Merged 413905 bytes (404.20 KiB) for 'exprs'.
[2026-07-19 16:57:34] Merging 1 fragment for 'enclosing_stmt'.
[2026-07-19 16:57:34] Merged 83789 bytes (81.83 KiB) for 'enclosing_stmt'.
[2026-07-19 16:57:34] Merging 1 fragment for 'expr_containers'.
[2026-07-19 16:57:34] Merged 92607 bytes (90.44 KiB) for 'expr_containers'.
[2026-07-19 16:57:34] Merging 1 fragment for 'literals'.
[2026-07-19 16:57:34] Merged 71039 bytes (69.37 KiB) for 'literals'.
[2026-07-19 16:57:34] Merging 1 fragment for 'variables'.
[2026-07-19 16:57:34] Merged 39900 bytes (38.96 KiB) for 'variables'.
[2026-07-19 16:57:34] Merging 1 fragment for 'bind'.
[2026-07-19 16:57:34] Merged 14877 bytes (14.53 KiB) for 'bind'.
[2026-07-19 16:57:34] Merging 1 fragment for 'scopenodes'.
[2026-07-19 16:57:34] Merged 8385 bytes (8.19 KiB) for 'scopenodes'.
[2026-07-19 16:57:34] Merging 1 fragment for 'scopenesting'.
[2026-07-19 16:57:34] Merged 4379 bytes (4.28 KiB) for 'scopenesting'.
[2026-07-19 16:57:34] Merging 1 fragment for 'decl'.
[2026-07-19 16:57:34] Merged 13412 bytes (13.10 KiB) for 'decl'.
[2026-07-19 16:57:34] Merging 1 fragment for 'is_arguments_object'.
[2026-07-19 16:57:34] Merged 4016 bytes (3.92 KiB) for 'is_arguments_object'.
[2026-07-19 16:57:34] Merging 1 fragment for 'entry_cfg_node'.
[2026-07-19 16:57:34] Merged 8934 bytes (8.72 KiB) for 'entry_cfg_node'.
[2026-07-19 16:57:34] Merging 1 fragment for 'exit_cfg_node'.
[2026-07-19 16:57:34] Merged 8934 bytes (8.72 KiB) for 'exit_cfg_node'.
[2026-07-19 16:57:34] Merging 1 fragment for 'successor'.
[2026-07-19 16:57:34] Merged 166840 bytes (162.93 KiB) for 'successor'.
[2026-07-19 16:57:34] Merging 1 fragment for 'is_externs'.
[2026-07-19 16:57:34] Merged 222 bytes for 'is_externs'.
[2026-07-19 16:57:34] Merging 1 fragment for 'filetype'.
[2026-07-19 16:57:34] Merged 258 bytes for 'filetype'.
[2026-07-19 16:57:34] Merging 1 fragment for 'extraction_time'.
[2026-07-19 16:57:34] Merged 16397 bytes (16.01 KiB) for 'extraction_time'.
[2026-07-19 16:57:34] Merging 1 fragment for 'jsdoc_prefix_qualifier'.
[2026-07-19 16:57:34] Merged 1894 bytes (1.85 KiB) for 'jsdoc_prefix_qualifier'.
[2026-07-19 16:57:34] Merging 1 fragment for 'jsdoc_errors'.
[2026-07-19 16:57:34] Merged 1139 bytes (1.11 KiB) for 'jsdoc_errors'.
[2026-07-19 16:57:34] Merging 1 fragment for 'jsdoc_record_field_name'.
[2026-07-19 16:57:34] Merged 1596 bytes (1.56 KiB) for 'jsdoc_record_field_name'.
[2026-07-19 16:57:34] Merging 1 fragment for 'jsdoc_has_new_parameter'.
[2026-07-19 16:57:34] Merged 35 bytes for 'jsdoc_has_new_parameter'.
[2026-07-19 16:57:34] Merging 1 fragment for 'properties'.
[2026-07-19 16:57:34] Merged 579 bytes for 'properties'.
[2026-07-19 16:57:34] Merging 1 fragment for 'regexpterm'.
[2026-07-19 16:57:34] Merged 704 bytes for 'regexpterm'.
[2026-07-19 16:57:34] Merging 1 fragment for 'regexp_const_value'.
[2026-07-19 16:57:34] Merged 282 bytes for 'regexp_const_value'.
[2026-07-19 16:57:34] Merging 1 fragment for 'guard_node'.
[2026-07-19 16:57:34] Merged 151 bytes for 'guard_node'.
[2026-07-19 16:57:34] Merging 1 fragment for 'is_module'.
[2026-07-19 16:57:34] Merged 104 bytes for 'is_module'.
[2026-07-19 16:57:34] Merging 1 fragment for 'is_nodejs'.
[2026-07-19 16:57:35] Merged 104 bytes for 'is_nodejs'.
[2026-07-19 16:57:35] Merging 1 fragment for 'json'.
[2026-07-19 16:57:35] Merged 117 bytes for 'json'.
[2026-07-19 16:57:35] Merging 1 fragment for 'json_locations'.
[2026-07-19 16:57:35] Merged 56 bytes for 'json_locations'.
[2026-07-19 16:57:35] Merging 1 fragment for 'json_literals'.
[2026-07-19 16:57:35] Merged 69 bytes for 'json_literals'.
[2026-07-19 16:57:35] Merging 1 fragment for 'json_properties'.
[2026-07-19 16:57:35] Merged 84 bytes for 'json_properties'.
[2026-07-19 16:57:35] Merging 1 fragment for 'array_size'.
[2026-07-19 16:57:35] Merged 33 bytes for 'array_size'.
[2026-07-19 16:57:35] Saving string and id pools to disk.
[2026-07-19 16:57:37] Finished importing TRAP files.
[2026-07-19 16:57:37] Read 43.90 MiB of uncompressed TRAP data.
[2026-07-19 16:57:37] Uncompressed relation data size: 13.48 MiB
[2026-07-19 16:57:37] Relation data size: 3.09 MiB (merge rate: 1.59 MiB/s)
[2026-07-19 16:57:37] String pool size: 4.78 MiB
[2026-07-19 16:57:37] ID pool size: 13.00 MiB
[2026-07-19 16:57:37] [PROGRESS] dataset import> Finished writing database (relations: 3.09 MiB; string pool: 4.78 MiB).
[2026-07-19 16:57:37] Pausing evaluation to close the cache at sequence stamp o+113
[2026-07-19 16:57:37] The disk cache is freshly trimmed; leave it be.
[2026-07-19 16:57:37] Unpausing evaluation
[2026-07-19 16:57:38] Plumbing command codeql dataset import completed.
[2026-07-19 16:57:38] [PROGRESS] database finalize> TRAP import complete (17.1s).
[2026-07-19 16:57:38] Running plumbing command: codeql database cleanup -- /mnt/c/Users/726ja/reveal/.reveal/reachability/database
[2026-07-19 16:57:56] [PROGRESS] database cleanup> Cleaning up existing TRAP files after import...
[2026-07-19 16:57:56] [PROGRESS] database cleanup> TRAP files cleaned up (670ms).
[2026-07-19 16:57:56] [PROGRESS] database cleanup> Cleaning up scratch directory...
[2026-07-19 16:57:56] [PROGRESS] database cleanup> Scratch directory cleaned up (6ms).
[2026-07-19 16:57:57] Running plumbing command: codeql dataset cleanup -- /mnt/c/Users/726ja/reveal/.reveal/reachability/database/db-javascript
[2026-07-19 16:57:57] [PROGRESS] dataset cleanup> Cleaning up dataset in /mnt/c/Users/726ja/reveal/.reveal/reachability/database/db-javascript.
[2026-07-19 16:57:57] Trimming disk cache at /mnt/c/Users/726ja/reveal/.reveal/reachability/database/db-javascript/default/cache in mode trim.
[2026-07-19 16:57:57] Sequence stamp origin is -5889740720593579079
[2026-07-19 16:57:57] Pausing evaluation to quickly trim memory at sequence stamp o+0
[2026-07-19 16:57:57] Unpausing evaluation
[2026-07-19 16:57:57] Pausing evaluation to zealously trim disk at sequence stamp o+1
[2026-07-19 16:57:57] Unpausing evaluation
[2026-07-19 16:57:57] Trimming completed (30ms): Trimmed disposable data from cache.
[2026-07-19 16:57:57] Pausing evaluation to close the cache at sequence stamp o+2
[2026-07-19 16:57:57] The disk cache is freshly trimmed; leave it be.
[2026-07-19 16:57:57] Unpausing evaluation
[2026-07-19 16:57:57] [PROGRESS] dataset cleanup> Trimmed disposable data from cache.
[2026-07-19 16:57:57] [PROGRESS] dataset cleanup> Finalizing dataset in /mnt/c/Users/726ja/reveal/.reveal/reachability/database/db-javascript
[2026-07-19 16:57:57] [DETAILS] dataset cleanup> Finished deleting ID pool from /mnt/c/Users/726ja/reveal/.reveal/reachability/database/db-javascript (67ms).
[2026-07-19 16:57:57] Plumbing command codeql dataset cleanup completed.
[2026-07-19 16:57:57] Plumbing command codeql database cleanup completed with status 0.
[2026-07-19 16:57:57] [PROGRESS] database finalize> Finished zipping source archive (252.45 KiB).
[2026-07-19 16:57:57] Plumbing command codeql database finalize completed.
[2026-07-19 16:57:57] [PROGRESS] database create> Successfully created database at /mnt/c/Users/726ja/reveal/.reveal/reachability/database.
[2026-07-19 16:57:57] Terminating normally.
