[2026-07-19 16:58:02] This is codeql execute queries -J-Xmx1800M --off-heap-ram=1388 --verbosity=progress --logdir=/mnt/c/Users/726ja/reveal/.reveal/reachability/database/log --evaluator-log-level=5 --warnings=show --qlconfig-file=/mnt/c/Users/726ja/reveal/qlconfig.yml --dynamic-join-order-mode=none --output=/mnt/c/Users/726ja/reveal/.reveal/reachability/usage/usage.bqrs -- /mnt/c/Users/726ja/reveal/.reveal/reachability/database/db-javascript path:/mnt/c/Users/726ja/reveal/.reveal/reachability/usage/query/usage.ql
[2026-07-19 16:58:02] Calling plumbing command: codeql resolve queries --qlconfig-file=/mnt/c/Users/726ja/reveal/qlconfig.yml --format=json -- path:/mnt/c/Users/726ja/reveal/.reveal/reachability/usage/query/usage.ql
[2026-07-19 16:58:04] [PROGRESS] resolve queries> Recording pack reference reveal/javascript-usage at /mnt/c/Users/726ja/reveal/.reveal/reachability/usage/query.
[2026-07-19 16:58:04] Plumbing command codeql resolve queries completed:
                      [
                        "/mnt/c/Users/726ja/reveal/.reveal/reachability/usage/query/usage.ql"
                      ]
[2026-07-19 16:58:04] Refusing fancy output: $CODEQL_ISATTY terminal indication is missing
[2026-07-19 16:58:04] Creating executor with 1 threads.
[2026-07-19 16:58:04] Calling plumbing command: codeql resolve extensions --qlconfig-file=/mnt/c/Users/726ja/reveal/qlconfig.yml --include-extension-row-locations path:/mnt/c/Users/726ja/reveal/.reveal/reachability/usage/query/usage.ql
[2026-07-19 16:58:04] Calling plumbing command: codeql resolve queries --qlconfig-file=/mnt/c/Users/726ja/reveal/qlconfig.yml --allow-library-packs --format startingpacks -- path:/mnt/c/Users/726ja/reveal/.reveal/reachability/usage/query/usage.ql
[2026-07-19 16:58:04] [PROGRESS] resolve queries> Recording pack reference reveal/javascript-usage at /mnt/c/Users/726ja/reveal/.reveal/reachability/usage/query.
[2026-07-19 16:58:04] Plumbing command codeql resolve queries completed:
                      [
                        "/mnt/c/Users/726ja/reveal/.reveal/reachability/usage/query"
                      ]
[2026-07-19 16:58:05] Calling plumbing command: codeql resolve extensions-by-pack --qlconfig-file=/mnt/c/Users/726ja/reveal/qlconfig.yml --include-extension-row-locations -- /mnt/c/Users/726ja/reveal/.reveal/reachability/usage/query
[2026-07-19 16:58:05] [SPAMMY] resolve extensions-by-pack> [INCOMPATIBILITY] reveal/javascript-usage: not 0.0.1 {root: reveal/javascript-usage@0.0.1}
[2026-07-19 16:58:05] [SPAMMY] resolve extensions-by-pack> [DERIVATION] reveal/javascript-usage: 0.0.1 {reveal/javascript-usage: not 0.0.1 {root: reveal/javascript-usage@0.0.1}}
[2026-07-19 16:58:05] [SPAMMY] resolve extensions-by-pack> [INCOMPATIBILITY] reveal/javascript-usage: * [*], codeql/javascript-all: not * {dependency: reveal/javascript-usage@* [*] requires codeql/javascript-all@*}
[2026-07-19 16:58:05] [SPAMMY] resolve extensions-by-pack> [DECISION 1] reveal/javascript-usage: 0.0.1
[2026-07-19 16:58:05] [SPAMMY] resolve extensions-by-pack> [DERIVATION] codeql/javascript-all: * {reveal/javascript-usage: * [*], codeql/javascript-all: not * {dependency: reveal/javascript-usage@* [*] requires codeql/javascript-all@*}}
[2026-07-19 16:58:05] [SPAMMY] resolve extensions-by-pack> [INCOMPATIBILITY] codeql/javascript-all: * [*] {pack not found: codeql/javascript-all}
[2026-07-19 16:58:05] [SPAMMY] resolve extensions-by-pack> [CONFLICT] codeql/javascript-all: * [*] {pack not found: codeql/javascript-all}
[2026-07-19 16:58:05] [SPAMMY] resolve extensions-by-pack>   [CONSTRAINT] codeql/javascript-all: *
[2026-07-19 16:58:05] [SPAMMY] resolve extensions-by-pack>   [CONSTRAINT] reveal/javascript-usage: 0.0.1
[2026-07-19 16:58:05] [SPAMMY] resolve extensions-by-pack>   [SATISFIER] derivation: codeql/javascript-all: *
[2026-07-19 16:58:05] [SPAMMY] resolve extensions-by-pack>   [ALMOST_SATISFIER] <none>
[2026-07-19 16:58:05] [SPAMMY] resolve extensions-by-pack> [INCOMPATIBILITY] reveal/javascript-usage: * [*] {conflict}
[2026-07-19 16:58:05] [SPAMMY] resolve extensions-by-pack> [FAILURE]
[2026-07-19 16:58:05] [SPAMMY] resolve extensions-by-pack>   Because 'reveal/javascript-usage' depends on 'codeql/javascript-all@*', but pack 'codeql/javascript-all' was not found, version solving failed.
[2026-07-19 16:58:05] [ERROR] resolve extensions-by-pack> ERROR: Referenced pack 'codeql/javascript-all' was not found locally, and no lock file is present for 'reveal/javascript-usage'. Run 'codeql pack install' to create the lock file and download the dependencies. (/mnt/c/Users/726ja/reveal/.reveal/reachability/usage/query/qlpack.yml:1,1-1)
[2026-07-19 16:58:05] [ERROR] resolve extensions-by-pack> ERROR: No valid pack solution found:
                              Because 'reveal/javascript-usage' depends on 'codeql/javascript-all@*', but pack 'codeql/javascript-all' was not found, version solving failed.
                               (/mnt/c/Users/726ja/reveal/.reveal/reachability/usage/query/qlpack.yml:1,1-1)
[2026-07-19 16:58:05] Sequence stamp origin is -5889740688540976209
[2026-07-19 16:58:05] Pausing evaluation to close the cache at sequence stamp o+0
[2026-07-19 16:58:05] The disk cache is freshly trimmed; leave it be.
[2026-07-19 16:58:05] Unpausing evaluation
[2026-07-19 16:58:05] This NaiveBuddyAllocator requested 0 eviction rounds.
[2026-07-19 16:58:05] Exception caught at top level: A 'codeql resolve extensions-by-pack' operation failed with error code 2
                      com.semmle.cli2.picocli.PlumbingRunner.call(PlumbingRunner.java:75)
                      com.semmle.cli2.picocli.SubcommandCommon.callPlumbingInProcess(SubcommandCommon.java:170)
                      com.semmle.cli2.resolve.ResolveExtensionsCommand.executeJSON(ResolveExtensionsCommand.java:59)
                      com.semmle.cli2.resolve.ResolveExtensionsCommand.executeJSON(ResolveExtensionsCommand.java:18)
                      com.semmle.cli2.picocli.SimpleJsonSubcommand.executeInsistingOnJSONWithExistingMessages(SimpleJsonSubcommand.java:121)
                      com.semmle.cli2.picocli.SubcommandCommon.withCompilationMessages(SubcommandCommon.java:444)
                      com.semmle.cli2.picocli.SimpleJsonSubcommand.executeInsistingOnJSON(SimpleJsonSubcommand.java:110)
                      com.semmle.cli2.picocli.PlumbingRunner.call(PlumbingRunner.java:61)
                      com.semmle.cli2.picocli.SubcommandCommon.callPlumbingInProcess(SubcommandCommon.java:170)
                      com.semmle.cli2.execute.ExecuteQueriesCommand.resolveExtensions(ExecuteQueriesCommand.java:856)
                      com.semmle.cli2.execute.ExecuteQueriesCommand.executeSubcommand(ExecuteQueriesCommand.java:471)
                      com.semmle.cli2.picocli.SubcommandCommon.lambda$executeSubcommandWithMessages$5(SubcommandCommon.java:892)
                      com.semmle.cli2.picocli.SubcommandCommon.withCompilationMessages(SubcommandCommon.java:444)
                      com.semmle.cli2.picocli.SubcommandCommon.executeSubcommandWithMessages(SubcommandCommon.java:890)
                      com.semmle.cli2.picocli.SubcommandCommon.toplevelMain(SubcommandCommon.java:777)
                      com.semmle.cli2.picocli.SubcommandCommon.call(SubcommandCommon.java:757)
                      com.semmle.cli2.picocli.SubcommandMaker.runMain(SubcommandMaker.java:238)
                      com.semmle.cli2.picocli.SubcommandMaker.runMain(SubcommandMaker.java:259)
                      com.semmle.cli2.CodeQL.main(CodeQL.java:113)
